<?xml version="1.0" encoding="UTF-8"?>
<!-- Generated by org.testng.reporters.JUnitReportReporter -->
<testsuite hostname="LAPTOP-JNT6BKIC" failures="0" tests="2" name="testcases.Verifyloginpage" time="18.414" errors="0" timestamp="2022-02-12T07:47:09 IST" skipped="0">
  <testcase classname="testcases.Verifyloginpage" name="LaunchBrowser" time="9.969"/>
  <system-out/>
  <testcase classname="testcases.Verifyloginpage" name="LaunchBrowser" time="8.445"/>
  <system-out/>
</testsuite> <!-- testcases.Verifyloginpage -->
